<html>
<head>
<title>TestNG:  Default test</title>
<link href="../testng.css" rel="stylesheet" type="text/css" />
<link href="../my-testng.css" rel="stylesheet" type="text/css" />

<style type="text/css">
.log { display: none;} 
.stack-trace { display: none;} 
</style>
<script type="text/javascript">
<!--
function flip(e) {
  current = e.style.display;
  if (current == 'block') {
    e.style.display = 'none';
    return 0;
  }
  else {
    e.style.display = 'block';
    return 1;
  }
}

function toggleBox(szDivId, elem, msg1, msg2)
{
  var res = -1;  if (document.getElementById) {
    res = flip(document.getElementById(szDivId));
  }
  else if (document.all) {
    // this is the way old msie versions work
    res = flip(document.all[szDivId]);
  }
  if(elem) {
    if(res == 0) elem.innerHTML = msg1; else elem.innerHTML = msg2;
  }

}

function toggleAllBoxes() {
  if (document.getElementsByTagName) {
    d = document.getElementsByTagName('div');
    for (i = 0; i < d.length; i++) {
      if (d[i].className == 'log') {
        flip(d[i]);
      }
    }
  }
}

// -->
</script>

</head>
<body>
<h2 align='center'>Default test</h2><table border='1' align="center">
<tr>
<td>Tests passed/Failed/Skipped:</td><td>8/1/0</td>
</tr><tr>
<td>Started on:</td><td>Tue May 22 02:17:41 CDT 2018</td>
</tr>
<tr><td>Total time:</td><td>74 seconds (74726 ms)</td>
</tr><tr>
<td>Included groups:</td><td></td>
</tr><tr>
<td>Excluded groups:</td><td></td>
</tr>
</table><p/>
<small><i>(Hover the method name to see the test class name)</i></small><p/>
<table width='100%' border='1' class='invocation-failed'>
<tr><td colspan='4' align='center'><b>FAILED TESTS</b></td></tr>
<tr><td><b>Test method</b></td>
<td width="30%"><b>Exception</b></td>
<td width="10%"><b>Time (seconds)</b></td>
<td><b>Instance</b></td>
</tr>
<tr>
<td title='com.data.driven.test.HalfEbayTest.halfEbayRegPageTest()'><b>halfEbayRegPageTest</b><br>Test class: com.data.driven.test.HalfEbayTest<br>Parameters: , , , , , , , </td>
<td><div><pre>org.openqa.selenium.NoSuchElementException: Cannot locate element with text: 
For documentation on this error, please visit: http://seleniumhq.org/exceptions/no_such_element.html
Build info: version: &apos;3.12.0&apos;, revision: &apos;7c6e0b3&apos;, time: &apos;2018-05-08T15:15:08.936Z&apos;
System info: host: &apos;LAPTOP-A6RHJ6KB&apos;, ip: &apos;192.168.130.1&apos;, os.name: &apos;Windows 10&apos;, os.arch: &apos;amd64&apos;, os.version: &apos;10.0&apos;, java.version: &apos;1.8.0_144&apos;
Driver info: driver.version: unknown
	at org.openqa.selenium.support.ui.Select.selectByVisibleText(Select.java:151)
	at com.data.driven.test.HalfEbayTest.halfEbayRegPageTest(HalfEbayTest.java:58)
	at sun.reflect.NativeMethodAccessorImpl.invoke0(Native Method)
	at sun.reflect.NativeMethodAccessorImpl.invoke(Unknown Source)
	at sun.reflect.DelegatingMethodAccessorImpl.invoke(Unknown Source)
	at java.lang.reflect.Method.invoke(Unknown Source)
	at org.testng.internal.MethodInvocationHelper.invokeMethod(MethodInvocationHelper.java:124)
	at org.testng.internal.Invoker.invokeMethod(Invoker.java:580)
	at org.testng.internal.Invoker.invokeTestMethod(Invoker.java:716)
	at org.testng.internal.Invoker.invokeTestMethods(Invoker.java:988)
	at org.testng.internal.TestMethodWorker.invokeTestMethods(TestMethodWorker.java:125)
	at org.testng.internal.TestMethodWorker.run(TestMethodWorker.java:109)
	at org.testng.TestRunner.privateRun(TestRunner.java:648)
	at org.testng.TestRunner.run(TestRunner.java:505)
	at org.testng.SuiteRunner.runTest(SuiteRunner.java:455)
	at org.testng.SuiteRunner.runSequentially(SuiteRunner.java:450)
	at org.testng.SuiteRunner.privateRun(SuiteRunner.java:415)
	at org.testng.SuiteRunner.run(SuiteRunner.java:364)
	at org.testng.SuiteRunnerWorker.runSuite(SuiteRunnerWorker.java:52)
	at org.testng.SuiteRunnerWorker.run(SuiteRunnerWorker.java:84)
	at org.testng.TestNG.runSuitesSequentially(TestNG.java:1208)
	at org.testng.TestNG.runSuitesLocally(TestNG.java:1137)
	at org.testng.TestNG.runSuites(TestNG.java:1049)
	at org.testng.TestNG.run(TestNG.java:1017)
	at org.testng.remote.AbstractRemoteTestNG.run(AbstractRemoteTestNG.java:114)
	at org.testng.remote.RemoteTestNG.initAndRun(RemoteTestNG.java:251)
	at org.testng.remote.RemoteTestNG.main(RemoteTestNG.java:77)
</pre></div><a href='#' onClick='toggleBox("stack-trace1677203878", this, "Click to show all stack frames", "Click to hide stack frames")'>Click to show all stack frames</a>
<div class='stack-trace' id='stack-trace1677203878'><pre>org.openqa.selenium.NoSuchElementException: Cannot locate element with text: 
For documentation on this error, please visit: http://seleniumhq.org/exceptions/no_such_element.html
Build info: version: &apos;3.12.0&apos;, revision: &apos;7c6e0b3&apos;, time: &apos;2018-05-08T15:15:08.936Z&apos;
System info: host: &apos;LAPTOP-A6RHJ6KB&apos;, ip: &apos;192.168.130.1&apos;, os.name: &apos;Windows 10&apos;, os.arch: &apos;amd64&apos;, os.version: &apos;10.0&apos;, java.version: &apos;1.8.0_144&apos;
Driver info: driver.version: unknown
	at org.openqa.selenium.support.ui.Select.selectByVisibleText(Select.java:151)
	at com.data.driven.test.HalfEbayTest.halfEbayRegPageTest(HalfEbayTest.java:58)
	at sun.reflect.NativeMethodAccessorImpl.invoke0(Native Method)
	at sun.reflect.NativeMethodAccessorImpl.invoke(Unknown Source)
	at sun.reflect.DelegatingMethodAccessorImpl.invoke(Unknown Source)
	at java.lang.reflect.Method.invoke(Unknown Source)
	at org.testng.internal.MethodInvocationHelper.invokeMethod(MethodInvocationHelper.java:124)
	at org.testng.internal.Invoker.invokeMethod(Invoker.java:580)
	at org.testng.internal.Invoker.invokeTestMethod(Invoker.java:716)
	at org.testng.internal.Invoker.invokeTestMethods(Invoker.java:988)
	at org.testng.internal.TestMethodWorker.invokeTestMethods(TestMethodWorker.java:125)
	at org.testng.internal.TestMethodWorker.run(TestMethodWorker.java:109)
	at org.testng.TestRunner.privateRun(TestRunner.java:648)
	at org.testng.TestRunner.run(TestRunner.java:505)
	at org.testng.SuiteRunner.runTest(SuiteRunner.java:455)
	at org.testng.SuiteRunner.runSequentially(SuiteRunner.java:450)
	at org.testng.SuiteRunner.privateRun(SuiteRunner.java:415)
	at org.testng.SuiteRunner.run(SuiteRunner.java:364)
	at org.testng.SuiteRunnerWorker.runSuite(SuiteRunnerWorker.java:52)
	at org.testng.SuiteRunnerWorker.run(SuiteRunnerWorker.java:84)
	at org.testng.TestNG.runSuitesSequentially(TestNG.java:1208)
	at org.testng.TestNG.runSuitesLocally(TestNG.java:1137)
	at org.testng.TestNG.runSuites(TestNG.java:1049)
	at org.testng.TestNG.run(TestNG.java:1017)
	at org.testng.remote.AbstractRemoteTestNG.run(AbstractRemoteTestNG.java:114)
	at org.testng.remote.RemoteTestNG.initAndRun(RemoteTestNG.java:251)
	at org.testng.remote.RemoteTestNG.main(RemoteTestNG.java:77)
</pre></div></td>
<td>4</td>
<td>com.data.driven.test.HalfEbayTest@7e2d773b</td></tr>
</table><p>
<table width='100%' border='1' class='invocation-passed'>
<tr><td colspan='4' align='center'><b>PASSED TESTS</b></td></tr>
<tr><td><b>Test method</b></td>
<td width="30%"><b>Exception</b></td>
<td width="10%"><b>Time (seconds)</b></td>
<td><b>Instance</b></td>
</tr>
<tr>
<td title='com.data.driven.test.HalfEbayTest.halfEbayRegPageTest()'><b>halfEbayRegPageTest</b><br>Test class: com.data.driven.test.HalfEbayTest<br>Parameters: Tom, Kim, 12 new street, downtown, sunnyside, California, 14555.0, test1@gmail.com</td>
<td></td>
<td>1</td>
<td>com.data.driven.test.HalfEbayTest@7e2d773b</td></tr>
<tr>
<td title='com.data.driven.test.HalfEbayTest.halfEbayRegPageTest()'><b>halfEbayRegPageTest</b><br>Test class: com.data.driven.test.HalfEbayTest<br>Parameters: Asma, Akter, 13 new street, downtown, sunnyside, California, 14556.0, test2@gmail.com</td>
<td></td>
<td>1</td>
<td>com.data.driven.test.HalfEbayTest@7e2d773b</td></tr>
<tr>
<td title='com.data.driven.test.HalfEbayTest.halfEbayRegPageTest()'><b>halfEbayRegPageTest</b><br>Test class: com.data.driven.test.HalfEbayTest<br>Parameters: Jakir, Sm, 14 new street, downtown, sunnyside, California, 5488.0, test3@gmail.com</td>
<td></td>
<td>1</td>
<td>com.data.driven.test.HalfEbayTest@7e2d773b</td></tr>
<tr>
<td title='com.data.driven.test.HalfEbayTest.halfEbayRegPageTest()'><b>halfEbayRegPageTest</b><br>Test class: com.data.driven.test.HalfEbayTest<br>Parameters: Sohag, Kabir, 15 new street, downtown, sunnyside, California, 2222.0, test4@gmail.com</td>
<td></td>
<td>1</td>
<td>com.data.driven.test.HalfEbayTest@7e2d773b</td></tr>
<tr>
<td title='com.data.driven.test.HalfEbayTest.halfEbayRegPageTest()'><b>halfEbayRegPageTest</b><br>Test class: com.data.driven.test.HalfEbayTest<br>Parameters: Steve, Jay, 16 new street, downtown, sunnyside, California, 55555.0, test5@gmail.com</td>
<td></td>
<td>1</td>
<td>com.data.driven.test.HalfEbayTest@7e2d773b</td></tr>
<tr>
<td title='com.data.driven.test.HalfEbayTest.halfEbayRegPageTest()'><b>halfEbayRegPageTest</b><br>Test class: com.data.driven.test.HalfEbayTest<br>Parameters: James, B, 17 new street, downtown, sunnyside, California, 47555.0, test6@gmail.com</td>
<td></td>
<td>1</td>
<td>com.data.driven.test.HalfEbayTest@7e2d773b</td></tr>
<tr>
<td title='com.data.driven.test.HalfEbayTest.halfEbayRegPageTest()'><b>halfEbayRegPageTest</b><br>Test class: com.data.driven.test.HalfEbayTest<br>Parameters: Stephanie, Brown, 18 new street, downtown, sunnyside, California, 78952.0, test7@gmail.com</td>
<td></td>
<td>1</td>
<td>com.data.driven.test.HalfEbayTest@7e2d773b</td></tr>
<tr>
<td title='com.data.driven.test.HalfEbayTest.halfEbayRegPageTest()'><b>halfEbayRegPageTest</b><br>Test class: com.data.driven.test.HalfEbayTest<br>Parameters: Resma, Hyder, 19 new street, downtown, sunnyside, California, 45863.0, test8@gmail.com</td>
<td></td>
<td>1</td>
<td>com.data.driven.test.HalfEbayTest@7e2d773b</td></tr>
</table><p>
</body>
</html>